<?xml version="1.0" encoding="UTF-8"?>
<testng-results ignored="0" total="1" passed="1" failed="0" skipped="0">
  <reporter-output>
  </reporter-output>
  <suite started-at="2022-11-05T15:12:58 IST" name="All Test Suite" finished-at="2022-11-05T15:13:52 IST" duration-ms="53681">
    <groups>
      <group name="sanity">
        <method signature="AccountCreationPageTest.createAccount()[pri:0, instance:pradeepfadatareacademy.Tests.MyStoreTests.AccountCreationPageTest@6d3a388c]" name="createAccount" class="pradeepfadatareacademy.Tests.MyStoreTests.AccountCreationPageTest"/>
      </group> <!-- sanity -->
    </groups>
    <test started-at="2022-11-05T15:12:58 IST" name="C:/Users/m/IdeaProjects/SeleniumFrameworkDesign/src/test/java/pradeepfadatareacademy/Tests/MyStoreTests" finished-at="2022-11-05T15:13:52 IST" duration-ms="53681">
      <class name="pradeepfadatareacademy.Tests.MyStoreTests.AccountCreationPageTest">
        <test-method is-config="true" signature="launchApplication(java.lang.String)[pri:0, instance:pradeepfadatareacademy.Tests.MyStoreTests.AccountCreationPageTest@6d3a388c]" started-at="2022-11-05T15:12:58 IST" name="launchApplication" finished-at="2022-11-05T15:13:43 IST" duration-ms="44871" status="PASS">
          <params>
            <param index="0">
              <value>
                <![CDATA[edge]]>
              </value>
            </param>
          </params>
          <reporter-output>
          </reporter-output>
        </test-method> <!-- launchApplication -->
        <test-method signature="createAccount()[pri:0, instance:pradeepfadatareacademy.Tests.MyStoreTests.AccountCreationPageTest@6d3a388c]" started-at="2022-11-05T15:13:43 IST" name="createAccount" finished-at="2022-11-05T15:13:49 IST" duration-ms="6172" status="PASS">
          <reporter-output>
          </reporter-output>
        </test-method> <!-- createAccount -->
        <test-method is-config="true" signature="tearDown()[pri:0, instance:pradeepfadatareacademy.Tests.MyStoreTests.AccountCreationPageTest@6d3a388c]" started-at="2022-11-05T15:13:49 IST" name="tearDown" finished-at="2022-11-05T15:13:52 IST" duration-ms="2507" status="PASS">
          <reporter-output>
          </reporter-output>
        </test-method> <!-- tearDown -->
      </class> <!-- pradeepfadatareacademy.Tests.MyStoreTests.AccountCreationPageTest -->
    </test> <!-- C:/Users/m/IdeaProjects/SeleniumFrameworkDesign/src/test/java/pradeepfadatareacademy/Tests/MyStoreTests -->
  </suite> <!-- All Test Suite -->
</testng-results>
