<?xml version="1.0" encoding="UTF-8"?>
<testng-results ignored="0" total="1" passed="0" failed="1" skipped="0">
  <reporter-output>
  </reporter-output>
  <suite started-at="2022-11-05T12:29:30 IST" name="All Test Suite" finished-at="2022-11-05T12:31:26 IST" duration-ms="115698">
    <groups>
      <group name="sanity">
        <method signature="AccountCreationPageTest.createAccount()[pri:0, instance:pradeepfadatareacademy.Tests.MyStoreTests.AccountCreationPageTest@5f9b2141]" name="createAccount" class="pradeepfadatareacademy.Tests.MyStoreTests.AccountCreationPageTest"/>
      </group> <!-- sanity -->
    </groups>
    <test started-at="2022-11-05T12:29:30 IST" name="C:/Users/m/IdeaProjects/SeleniumFrameworkDesign/src/test/java/pradeepfadatareacademy/Tests/MyStoreTests" finished-at="2022-11-05T12:31:26 IST" duration-ms="115698">
      <class name="pradeepfadatareacademy.Tests.MyStoreTests.AccountCreationPageTest">
        <test-method is-config="true" signature="launchApplication()[pri:0, instance:pradeepfadatareacademy.Tests.MyStoreTests.AccountCreationPageTest@5f9b2141]" started-at="2022-11-05T12:29:30 IST" name="launchApplication" finished-at="2022-11-05T12:30:53 IST" duration-ms="82685" status="PASS">
          <reporter-output>
          </reporter-output>
        </test-method> <!-- launchApplication -->
        <test-method signature="createAccount()[pri:0, instance:pradeepfadatareacademy.Tests.MyStoreTests.AccountCreationPageTest@5f9b2141]" started-at="2022-11-05T12:30:53 IST" name="createAccount" finished-at="2022-11-05T12:31:11 IST" duration-ms="18541" status="FAIL">
          <exception class="java.lang.AssertionError">
            <message>
              <![CDATA[expected [AUTHENTICATION] but found [CREATE AN ACCOUNT]]]>
            </message>
            <full-stacktrace>
              <![CDATA[java.lang.AssertionError: expected [AUTHENTICATION] but found [CREATE AN ACCOUNT]
at org.testng.Assert.fail(Assert.java:99)
at org.testng.Assert.failNotEquals(Assert.java:1037)
at org.testng.Assert.assertEqualsImpl(Assert.java:140)
at org.testng.Assert.assertEquals(Assert.java:122)
at org.testng.Assert.assertEquals(Assert.java:629)
at org.testng.Assert.assertEquals(Assert.java:639)
at pradeepfadatareacademy.Tests.MyStoreTests.AccountCreationPageTest.createAccount(AccountCreationPageTest.java:18)
at java.base/jdk.internal.reflect.NativeMethodAccessorImpl.invoke0(Native Method)
at java.base/jdk.internal.reflect.NativeMethodAccessorImpl.invoke(NativeMethodAccessorImpl.java:62)
at java.base/jdk.internal.reflect.DelegatingMethodAccessorImpl.invoke(DelegatingMethodAccessorImpl.java:43)
at java.base/java.lang.reflect.Method.invoke(Method.java:566)
at org.testng.internal.MethodInvocationHelper.invokeMethod(MethodInvocationHelper.java:132)
at org.testng.internal.TestInvoker.invokeMethod(TestInvoker.java:599)
at org.testng.internal.TestInvoker.invokeTestMethod(TestInvoker.java:174)
at org.testng.internal.MethodRunner.runInSequence(MethodRunner.java:46)
at org.testng.internal.TestInvoker$MethodInvocationAgent.invoke(TestInvoker.java:822)
at org.testng.internal.TestInvoker.invokeTestMethods(TestInvoker.java:147)
at org.testng.internal.TestMethodWorker.invokeTestMethods(TestMethodWorker.java:146)
at org.testng.internal.TestMethodWorker.run(TestMethodWorker.java:128)
at java.base/java.util.ArrayList.forEach(ArrayList.java:1541)
at org.testng.TestRunner.privateRun(TestRunner.java:764)
at org.testng.TestRunner.run(TestRunner.java:585)
at org.testng.SuiteRunner.runTest(SuiteRunner.java:384)
at org.testng.SuiteRunner.runSequentially(SuiteRunner.java:378)
at org.testng.SuiteRunner.privateRun(SuiteRunner.java:337)
at org.testng.SuiteRunner.run(SuiteRunner.java:286)
at org.testng.SuiteRunnerWorker.runSuite(SuiteRunnerWorker.java:53)
at org.testng.SuiteRunnerWorker.run(SuiteRunnerWorker.java:96)
at org.testng.TestNG.runSuitesSequentially(TestNG.java:1218)
at org.testng.TestNG.runSuitesLocally(TestNG.java:1140)
at org.testng.TestNG.runSuites(TestNG.java:1069)
at org.testng.TestNG.run(TestNG.java:1037)
at org.apache.maven.surefire.testng.TestNGExecutor.run(TestNGExecutor.java:324)
at org.apache.maven.surefire.testng.TestNGXmlTestSuite.execute(TestNGXmlTestSuite.java:74)
at org.apache.maven.surefire.testng.TestNGProvider.invoke(TestNGProvider.java:123)
at org.apache.maven.surefire.booter.ForkedBooter.runSuitesInProcess(ForkedBooter.java:456)
at org.apache.maven.surefire.booter.ForkedBooter.execute(ForkedBooter.java:169)
at org.apache.maven.surefire.booter.ForkedBooter.run(ForkedBooter.java:595)
at org.apache.maven.surefire.booter.ForkedBooter.main(ForkedBooter.java:581)
]]>
            </full-stacktrace>
          </exception> <!-- java.lang.AssertionError -->
          <reporter-output>
          </reporter-output>
        </test-method> <!-- createAccount -->
        <test-method is-config="true" signature="tearDown()[pri:0, instance:pradeepfadatareacademy.Tests.MyStoreTests.AccountCreationPageTest@5f9b2141]" started-at="2022-11-05T12:31:12 IST" name="tearDown" finished-at="2022-11-05T12:31:25 IST" duration-ms="13569" status="PASS">
          <reporter-output>
          </reporter-output>
        </test-method> <!-- tearDown -->
      </class> <!-- pradeepfadatareacademy.Tests.MyStoreTests.AccountCreationPageTest -->
    </test> <!-- C:/Users/m/IdeaProjects/SeleniumFrameworkDesign/src/test/java/pradeepfadatareacademy/Tests/MyStoreTests -->
  </suite> <!-- All Test Suite -->
</testng-results>
